<?xml version="1.0" encoding="UTF-8"?>
<!-- Generated by org.testng.reporters.JUnitReportReporter -->
<testsuite hostname="HEERA" failures="0" tests="1" name="com.sample.classes.SamplePrgm3Test" time="0.021" errors="0" timestamp="2022-05-31T14:48:39 IST" skipped="0">
  <testcase classname="com.sample.classes.SamplePrgm3Test" name="samplePrgm3Test" time="0.021"/>
  <system-out/>
</testsuite> <!-- com.sample.classes.SamplePrgm3Test -->
