<?xml version="1.0" encoding="UTF-8"?>
<!-- Generated by org.testng.reporters.JUnitReportReporter -->
<testsuite hostname="HEERA" failures="0" tests="1" name="com.sample.classes.SamplePrgm2" time="0.001" errors="0" timestamp="2022-05-30T15:07:51 IST" skipped="0">
  <testcase classname="com.sample.classes.SamplePrgm2" name="samplePrgm2" time="0.001"/>
  <system-out/>
</testsuite> <!-- com.sample.classes.SamplePrgm2 -->
